stdio    D         file_stdio.c:110  file_stdio_fopen                 [   0.00000] opening C:\Users\frank\OneDrive\Documentos\GitHub\TP5-EDA\TP5EDA\Debug\allegro5.cfg r
system   D            wsystem.c:738  maybe_parent_dir                 [   0.00000] Also searching C:\Users\frank\OneDrive\Documentos\GitHub\TP5-EDA\TP5EDA\
system   D            wsystem.c:788  _al_win_safe_load_library        [   0.00000] PathFindOnPath found: C:\WINDOWS\system32\shcore.dll
system   D            wsystem.c:699  load_library_at_path             [   0.00000] Calling LoadLibrary C:\WINDOWS\system32\shcore.dll
system   I            wsystem.c:702  load_library_at_path             [   0.00000] Loaded C:\WINDOWS\system32\shcore.dll
system   I             system.c:264  al_install_system                [   0.00000] Allegro version: 5.2.4
system   D            wsystem.c:738  maybe_parent_dir                 [   0.00029] Also searching C:\Users\frank\OneDrive\Documentos\GitHub\TP5-EDA\TP5EDA\
system   D            wsystem.c:788  _al_win_safe_load_library        [   0.00043] PathFindOnPath found: C:\WINDOWS\system32\d3d9.dll
system   D            wsystem.c:699  load_library_at_path             [   0.00046] Calling LoadLibrary C:\WINDOWS\system32\d3d9.dll
system   I            wsystem.c:702  load_library_at_path             [   0.00416] Loaded C:\WINDOWS\system32\d3d9.dll
d3d      I         d3d_disp.cpp:674  d3d_init_display                 [   0.02325] Render-to-texture: 1
d3d      I         d3d_disp.cpp:1768 d3d_create_display_locked        [   0.02387] faux_fullscreen=0
d3d      D         d3d_disp.cpp:1769 d3d_create_display_locked        [   0.02389] al_display=02990AD8
d3d      D         d3d_disp.cpp:1770 d3d_create_display_locked        [   0.02391] al_display->vt=0294FBD8
d3d      I d3d_display_formats.cpp:144  _al_d3d_generate_display_format_list [   0.03142] found 64 format combinations
display  D   display_settings.c:212  debug_display_settings           [   0.03146] color: 32 (rgba 8880), depth: 0, stencil: 0, acc: 0000, samples: 0/0
display  D   display_settings.c:527  _al_score_display_settings       [   0.03151] Score is : 897
display  D   display_settings.c:212  debug_display_settings           [   0.03153] color: 32 (rgba 8880), depth: 0, stencil: 0, acc: 0000, samples: 0/0
display  D   display_settings.c:527  _al_score_display_settings       [   0.03156] Score is : 897
display  D   display_settings.c:212  debug_display_settings           [   0.03158] color: 32 (rgba 8880), depth: 24, stencil: 8, acc: 0000, samples: 0/0
display  D   display_settings.c:527  _al_score_display_settings       [   0.03160] Score is : 897
display  D   display_settings.c:212  debug_display_settings           [   0.03162] color: 32 (rgba 8880), depth: 24, stencil: 8, acc: 0000, samples: 0/0
display  D   display_settings.c:527  _al_score_display_settings       [   0.03165] Score is : 897
display  D   display_settings.c:212  debug_display_settings           [   0.03167] color: 32 (rgba 8880), depth: 24, stencil: 0, acc: 0000, samples: 0/0
display  D   display_settings.c:527  _al_score_display_settings       [   0.03172] Score is : 897
display  D   display_settings.c:212  debug_display_settings           [   0.03173] color: 32 (rgba 8880), depth: 24, stencil: 0, acc: 0000, samples: 0/0
display  D   display_settings.c:527  _al_score_display_settings       [   0.03178] Score is : 897
display  D   display_settings.c:212  debug_display_settings           [   0.03180] color: 32 (rgba 8880), depth: 16, stencil: 0, acc: 0000, samples: 0/0
display  D   display_settings.c:527  _al_score_display_settings       [   0.03182] Score is : 897
display  D   display_settings.c:212  debug_display_settings           [   0.03184] color: 32 (rgba 8880), depth: 16, stencil: 0, acc: 0000, samples: 0/0
display  D   display_settings.c:527  _al_score_display_settings       [   0.03187] Score is : 897
display  D   display_settings.c:212  debug_display_settings           [   0.03189] color: 16 (rgba 5650), depth: 0, stencil: 0, acc: 0000, samples: 0/0
display  D   display_settings.c:527  _al_score_display_settings       [   0.03193] Score is : 897
display  D   display_settings.c:212  debug_display_settings           [   0.03207] color: 16 (rgba 5650), depth: 0, stencil: 0, acc: 0000, samples: 0/0
display  D   display_settings.c:527  _al_score_display_settings       [   0.03210] Score is : 897
display  D   display_settings.c:212  debug_display_settings           [   0.03212] color: 16 (rgba 5650), depth: 24, stencil: 8, acc: 0000, samples: 0/0
display  D   display_settings.c:527  _al_score_display_settings       [   0.03215] Score is : 897
display  D   display_settings.c:212  debug_display_settings           [   0.03217] color: 16 (rgba 5650), depth: 24, stencil: 8, acc: 0000, samples: 0/0
display  D   display_settings.c:527  _al_score_display_settings       [   0.03226] Score is : 897
display  D   display_settings.c:212  debug_display_settings           [   0.03228] color: 16 (rgba 5650), depth: 24, stencil: 0, acc: 0000, samples: 0/0
display  D   display_settings.c:527  _al_score_display_settings       [   0.03230] Score is : 897
display  D   display_settings.c:212  debug_display_settings           [   0.03234] color: 16 (rgba 5650), depth: 24, stencil: 0, acc: 0000, samples: 0/0
display  D   display_settings.c:527  _al_score_display_settings       [   0.03237] Score is : 897
display  D   display_settings.c:212  debug_display_settings           [   0.03239] color: 16 (rgba 5650), depth: 16, stencil: 0, acc: 0000, samples: 0/0
display  D   display_settings.c:527  _al_score_display_settings       [   0.03241] Score is : 897
display  D   display_settings.c:212  debug_display_settings           [   0.03244] color: 16 (rgba 5650), depth: 16, stencil: 0, acc: 0000, samples: 0/0
display  D   display_settings.c:527  _al_score_display_settings       [   0.03246] Score is : 897
display  D   display_settings.c:212  debug_display_settings           [   0.03248] color: 32 (rgba 8880), depth: 0, stencil: 0, acc: 0000, samples: 0/0
display  D   display_settings.c:398  _al_score_display_settings       [   0.03251] Single Buffer requirement not met.
display  D   display_settings.c:212  debug_display_settings           [   0.03253] color: 32 (rgba 8880), depth: 0, stencil: 0, acc: 0000, samples: 0/0
display  D   display_settings.c:398  _al_score_display_settings       [   0.03256] Single Buffer requirement not met.
display  D   display_settings.c:212  debug_display_settings           [   0.03258] color: 32 (rgba 8880), depth: 24, stencil: 8, acc: 0000, samples: 0/0
display  D   display_settings.c:398  _al_score_display_settings       [   0.03261] Single Buffer requirement not met.
display  D   display_settings.c:212  debug_display_settings           [   0.03263] color: 32 (rgba 8880), depth: 24, stencil: 8, acc: 0000, samples: 0/0
display  D   display_settings.c:398  _al_score_display_settings       [   0.03266] Single Buffer requirement not met.
display  D   display_settings.c:212  debug_display_settings           [   0.03268] color: 32 (rgba 8880), depth: 24, stencil: 0, acc: 0000, samples: 0/0
display  D   display_settings.c:398  _al_score_display_settings       [   0.03271] Single Buffer requirement not met.
display  D   display_settings.c:212  debug_display_settings           [   0.03273] color: 32 (rgba 8880), depth: 24, stencil: 0, acc: 0000, samples: 0/0
display  D   display_settings.c:398  _al_score_display_settings       [   0.03275] Single Buffer requirement not met.
display  D   display_settings.c:212  debug_display_settings           [   0.03277] color: 32 (rgba 8880), depth: 16, stencil: 0, acc: 0000, samples: 0/0
display  D   display_settings.c:398  _al_score_display_settings       [   0.03280] Single Buffer requirement not met.
display  D   display_settings.c:212  debug_display_settings           [   0.03282] color: 32 (rgba 8880), depth: 16, stencil: 0, acc: 0000, samples: 0/0
display  D   display_settings.c:398  _al_score_display_settings       [   0.03285] Single Buffer requirement not met.
display  D   display_settings.c:212  debug_display_settings           [   0.03287] color: 16 (rgba 5650), depth: 0, stencil: 0, acc: 0000, samples: 0/0
display  D   display_settings.c:398  _al_score_display_settings       [   0.03290] Single Buffer requirement not met.
display  D   display_settings.c:212  debug_display_settings           [   0.03292] color: 16 (rgba 5650), depth: 0, stencil: 0, acc: 0000, samples: 0/0
display  D   display_settings.c:398  _al_score_display_settings       [   0.03295] Single Buffer requirement not met.
display  D   display_settings.c:212  debug_display_settings           [   0.03297] color: 16 (rgba 5650), depth: 24, stencil: 8, acc: 0000, samples: 0/0
display  D   display_settings.c:398  _al_score_display_settings       [   0.03300] Single Buffer requirement not met.
display  D   display_settings.c:212  debug_display_settings           [   0.03302] color: 16 (rgba 5650), depth: 24, stencil: 8, acc: 0000, samples: 0/0
display  D   display_settings.c:398  _al_score_display_settings       [   0.03305] Single Buffer requirement not met.
display  D   display_settings.c:212  debug_display_settings           [   0.03307] color: 16 (rgba 5650), depth: 24, stencil: 0, acc: 0000, samples: 0/0
display  D   display_settings.c:398  _al_score_display_settings       [   0.03310] Single Buffer requirement not met.
display  D   display_settings.c:212  debug_display_settings           [   0.03312] color: 16 (rgba 5650), depth: 24, stencil: 0, acc: 0000, samples: 0/0
display  D   display_settings.c:398  _al_score_display_settings       [   0.03314] Single Buffer requirement not met.
display  D   display_settings.c:212  debug_display_settings           [   0.03317] color: 16 (rgba 5650), depth: 16, stencil: 0, acc: 0000, samples: 0/0
display  D   display_settings.c:398  _al_score_display_settings       [   0.03319] Single Buffer requirement not met.
display  D   display_settings.c:212  debug_display_settings           [   0.03321] color: 16 (rgba 5650), depth: 16, stencil: 0, acc: 0000, samples: 0/0
display  D   display_settings.c:398  _al_score_display_settings       [   0.03324] Single Buffer requirement not met.
display  D   display_settings.c:212  debug_display_settings           [   0.03326] color: 32 (rgba 8880), depth: 0, stencil: 0, acc: 0000, samples: 0/0
display  D   display_settings.c:527  _al_score_display_settings       [   0.03329] Score is : 769
display  D   display_settings.c:212  debug_display_settings           [   0.03331] color: 32 (rgba 8880), depth: 0, stencil: 0, acc: 0000, samples: 0/0
display  D   display_settings.c:527  _al_score_display_settings       [   0.03335] Score is : 769
display  D   display_settings.c:212  debug_display_settings           [   0.03337] color: 32 (rgba 8880), depth: 24, stencil: 8, acc: 0000, samples: 0/0
display  D   display_settings.c:527  _al_score_display_settings       [   0.03340] Score is : 769
display  D   display_settings.c:212  debug_display_settings           [   0.03342] color: 32 (rgba 8880), depth: 24, stencil: 8, acc: 0000, samples: 0/0
display  D   display_settings.c:527  _al_score_display_settings       [   0.03345] Score is : 769
display  D   display_settings.c:212  debug_display_settings           [   0.03347] color: 32 (rgba 8880), depth: 24, stencil: 0, acc: 0000, samples: 0/0
display  D   display_settings.c:527  _al_score_display_settings       [   0.03350] Score is : 769
display  D   display_settings.c:212  debug_display_settings           [   0.03352] color: 32 (rgba 8880), depth: 24, stencil: 0, acc: 0000, samples: 0/0
display  D   display_settings.c:527  _al_score_display_settings       [   0.03355] Score is : 769
display  D   display_settings.c:212  debug_display_settings           [   0.03357] color: 32 (rgba 8880), depth: 16, stencil: 0, acc: 0000, samples: 0/0
display  D   display_settings.c:527  _al_score_display_settings       [   0.03360] Score is : 769
display  D   display_settings.c:212  debug_display_settings           [   0.03362] color: 32 (rgba 8880), depth: 16, stencil: 0, acc: 0000, samples: 0/0
display  D   display_settings.c:527  _al_score_display_settings       [   0.03365] Score is : 769
display  D   display_settings.c:212  debug_display_settings           [   0.03367] color: 16 (rgba 5650), depth: 0, stencil: 0, acc: 0000, samples: 0/0
display  D   display_settings.c:527  _al_score_display_settings       [   0.03370] Score is : 769
display  D   display_settings.c:212  debug_display_settings           [   0.03373] color: 16 (rgba 5650), depth: 0, stencil: 0, acc: 0000, samples: 0/0
display  D   display_settings.c:527  _al_score_display_settings       [   0.03375] Score is : 769
display  D   display_settings.c:212  debug_display_settings           [   0.03378] color: 16 (rgba 5650), depth: 24, stencil: 8, acc: 0000, samples: 0/0
display  D   display_settings.c:527  _al_score_display_settings       [   0.03380] Score is : 769
display  D   display_settings.c:212  debug_display_settings           [   0.03382] color: 16 (rgba 5650), depth: 24, stencil: 8, acc: 0000, samples: 0/0
display  D   display_settings.c:527  _al_score_display_settings       [   0.03385] Score is : 769
display  D   display_settings.c:212  debug_display_settings           [   0.03388] color: 16 (rgba 5650), depth: 24, stencil: 0, acc: 0000, samples: 0/0
display  D   display_settings.c:527  _al_score_display_settings       [   0.03390] Score is : 769
display  D   display_settings.c:212  debug_display_settings           [   0.03392] color: 16 (rgba 5650), depth: 24, stencil: 0, acc: 0000, samples: 0/0
display  D   display_settings.c:527  _al_score_display_settings       [   0.03395] Score is : 769
display  D   display_settings.c:212  debug_display_settings           [   0.03397] color: 16 (rgba 5650), depth: 16, stencil: 0, acc: 0000, samples: 0/0
display  D   display_settings.c:527  _al_score_display_settings       [   0.03400] Score is : 769
display  D   display_settings.c:212  debug_display_settings           [   0.03402] color: 16 (rgba 5650), depth: 16, stencil: 0, acc: 0000, samples: 0/0
display  D   display_settings.c:527  _al_score_display_settings       [   0.03405] Score is : 769
display  D   display_settings.c:212  debug_display_settings           [   0.03407] color: 32 (rgba 8880), depth: 0, stencil: 0, acc: 0000, samples: 0/0
display  D   display_settings.c:398  _al_score_display_settings       [   0.03410] Single Buffer requirement not met.
display  D   display_settings.c:212  debug_display_settings           [   0.03412] color: 32 (rgba 8880), depth: 0, stencil: 0, acc: 0000, samples: 0/0
display  D   display_settings.c:398  _al_score_display_settings       [   0.03415] Single Buffer requirement not met.
display  D   display_settings.c:212  debug_display_settings           [   0.03417] color: 32 (rgba 8880), depth: 24, stencil: 8, acc: 0000, samples: 0/0
display  D   display_settings.c:398  _al_score_display_settings       [   0.03420] Single Buffer requirement not met.
display  D   display_settings.c:212  debug_display_settings           [   0.03422] color: 32 (rgba 8880), depth: 24, stencil: 8, acc: 0000, samples: 0/0
display  D   display_settings.c:398  _al_score_display_settings       [   0.03425] Single Buffer requirement not met.
display  D   display_settings.c:212  debug_display_settings           [   0.03427] color: 32 (rgba 8880), depth: 24, stencil: 0, acc: 0000, samples: 0/0
display  D   display_settings.c:398  _al_score_display_settings       [   0.03430] Single Buffer requirement not met.
display  D   display_settings.c:212  debug_display_settings           [   0.03432] color: 32 (rgba 8880), depth: 24, stencil: 0, acc: 0000, samples: 0/0
display  D   display_settings.c:398  _al_score_display_settings       [   0.03434] Single Buffer requirement not met.
display  D   display_settings.c:212  debug_display_settings           [   0.03438] color: 32 (rgba 8880), depth: 16, stencil: 0, acc: 0000, samples: 0/0
display  D   display_settings.c:398  _al_score_display_settings       [   0.03441] Single Buffer requirement not met.
display  D   display_settings.c:212  debug_display_settings           [   0.03444] color: 32 (rgba 8880), depth: 16, stencil: 0, acc: 0000, samples: 0/0
display  D   display_settings.c:398  _al_score_display_settings       [   0.03452] Single Buffer requirement not met.
display  D   display_settings.c:212  debug_display_settings           [   0.03455] color: 16 (rgba 5650), depth: 0, stencil: 0, acc: 0000, samples: 0/0
display  D   display_settings.c:398  _al_score_display_settings       [   0.03458] Single Buffer requirement not met.
display  D   display_settings.c:212  debug_display_settings           [   0.03460] color: 16 (rgba 5650), depth: 0, stencil: 0, acc: 0000, samples: 0/0
display  D   display_settings.c:398  _al_score_display_settings       [   0.03463] Single Buffer requirement not met.
display  D   display_settings.c:212  debug_display_settings           [   0.03465] color: 16 (rgba 5650), depth: 24, stencil: 8, acc: 0000, samples: 0/0
display  D   display_settings.c:398  _al_score_display_settings       [   0.03468] Single Buffer requirement not met.
display  D   display_settings.c:212  debug_display_settings           [   0.03470] color: 16 (rgba 5650), depth: 24, stencil: 8, acc: 0000, samples: 0/0
display  D   display_settings.c:398  _al_score_display_settings       [   0.03473] Single Buffer requirement not met.
display  D   display_settings.c:212  debug_display_settings           [   0.03475] color: 16 (rgba 5650), depth: 24, stencil: 0, acc: 0000, samples: 0/0
display  D   display_settings.c:398  _al_score_display_settings       [   0.03478] Single Buffer requirement not met.
display  D   display_settings.c:212  debug_display_settings           [   0.03481] color: 16 (rgba 5650), depth: 24, stencil: 0, acc: 0000, samples: 0/0
display  D   display_settings.c:398  _al_score_display_settings       [   0.03483] Single Buffer requirement not met.
display  D   display_settings.c:212  debug_display_settings           [   0.03486] color: 16 (rgba 5650), depth: 16, stencil: 0, acc: 0000, samples: 0/0
display  D   display_settings.c:398  _al_score_display_settings       [   0.03490] Single Buffer requirement not met.
display  D   display_settings.c:212  debug_display_settings           [   0.03492] color: 16 (rgba 5650), depth: 16, stencil: 0, acc: 0000, samples: 0/0
display  D   display_settings.c:398  _al_score_display_settings       [   0.03495] Single Buffer requirement not met.
d3d      D         d3d_disp.cpp:1668 d3d_create_display_internals     [   0.03501] Trying format 0.
d3d      I         d3d_disp.cpp:1344 d3d_display_thread_proc          [   0.03582] Chose a display format: 23
d3d      I         d3d_disp.cpp:1413 d3d_display_thread_proc          [   0.03584] Normal window.
d3d      I         d3d_disp.cpp:781  d3d_create_device                [   0.06756] Using no depth stencil buffer
d3d      D         d3d_disp.cpp:839  d3d_create_device                [   0.08392] BeginScene succeeded in create_device
d3d      D         d3d_disp.cpp:847  d3d_create_device                [   0.08397] Success
d3d      D         d3d_disp.cpp:1691 d3d_create_display_internals     [   0.08400] Resumed after wait.
d3d      I         d3d_disp.cpp:1724 d3d_create_display_internals     [   0.08404] Format 0 succeeded.
d3d      D         d3d_disp.cpp:1755 d3d_create_display_internals     [   0.08407] Returning d3d_display: 02990AD8
d3d      D         d3d_disp.cpp:1780 d3d_create_display_locked        [   0.08409] al_display=02990AD8
d3d      D         d3d_disp.cpp:1781 d3d_create_display_locked        [   0.08410] al_display->vt=0294FBD8
system   D            wsystem.c:738  maybe_parent_dir                 [   0.08430] Also searching C:\Users\frank\OneDrive\Documentos\GitHub\TP5-EDA\TP5EDA\
system   D            wsystem.c:788  _al_win_safe_load_library        [   0.08445] PathFindOnPath found: C:\WINDOWS\system32\d3dx9_43.dll
system   D            wsystem.c:699  load_library_at_path             [   0.08447] Calling LoadLibrary C:\WINDOWS\system32\d3dx9_43.dll
system   I            wsystem.c:702  load_library_at_path             [   0.08726] Loaded C:\WINDOWS\system32\d3dx9_43.dll
d3dx9    I        d3d_d3dx9.cpp:88   _imp_load_d3dx9_module_version   [   0.08734] Module "d3dx9_43.dll" loaded.
dtor     D               dtor.c:196  _al_register_destructor          [   0.08744] added dtor for timer 0294CD10, func 0F731744
dtor     D               dtor.c:196  _al_register_destructor          [   0.08748] added dtor for timer 0294CB60, func 0F731744
dtor     D               dtor.c:196  _al_register_destructor          [   0.08751] added dtor for timer 0294C3C8, func 0F731744
dtor     D               dtor.c:196  _al_register_destructor          [   0.08754] added dtor for queue 0296D310, func 0F7323A1
stdio    D         file_stdio.c:110  file_stdio_fopen                 [   0.08795] opening Scenario.png rb
d3d      D         d3d_disp.cpp:1188 real_choose_bitmap_format        [   0.08861] Fake format
d3d      D         d3d_disp.cpp:1188 real_choose_bitmap_format        [   0.08863] Fake format
d3d      D         d3d_disp.cpp:1188 real_choose_bitmap_format        [   0.08864] Fake format
d3d      D         d3d_disp.cpp:1188 real_choose_bitmap_format        [   0.08866] Fake format
d3d      D         d3d_disp.cpp:1188 real_choose_bitmap_format        [   0.08867] Fake format
d3d      D         d3d_disp.cpp:1188 real_choose_bitmap_format        [   0.08869] Fake format
d3d      D         d3d_disp.cpp:1188 real_choose_bitmap_format        [   0.08870] Fake format
d3d      D         d3d_disp.cpp:1188 real_choose_bitmap_format        [   0.08871] Fake format
d3d      D         d3d_disp.cpp:1188 real_choose_bitmap_format        [   0.08872] Fake format
d3d      D         d3d_disp.cpp:1196 real_choose_bitmap_format        [   0.08874] Alpha doesn't match
d3d      D         d3d_disp.cpp:1203 real_choose_bitmap_format        [   0.08875] Adapter format is 23
d3d      D         d3d_disp.cpp:1206 real_choose_bitmap_format        [   0.08877] Found a format
d3d      I         d3d_disp.cpp:2377 d3d_create_bitmap                [   0.08878] Chose bitmap format 9
dtor     D               dtor.c:196  _al_register_destructor          [   0.09118] added dtor for bitmap 0EAEE090, func 0F732252
stdio    D         file_stdio.c:110  file_stdio_fopen                 [   0.18410] opening mountains.png rb
d3d      D         d3d_disp.cpp:1188 real_choose_bitmap_format        [   0.18432] Fake format
d3d      D         d3d_disp.cpp:1188 real_choose_bitmap_format        [   0.18435] Fake format
d3d      D         d3d_disp.cpp:1188 real_choose_bitmap_format        [   0.18438] Fake format
d3d      D         d3d_disp.cpp:1188 real_choose_bitmap_format        [   0.18440] Fake format
d3d      D         d3d_disp.cpp:1188 real_choose_bitmap_format        [   0.18442] Fake format
d3d      D         d3d_disp.cpp:1188 real_choose_bitmap_format        [   0.18444] Fake format
d3d      D         d3d_disp.cpp:1188 real_choose_bitmap_format        [   0.18446] Fake format
d3d      D         d3d_disp.cpp:1188 real_choose_bitmap_format        [   0.18448] Fake format
d3d      D         d3d_disp.cpp:1188 real_choose_bitmap_format        [   0.18450] Fake format
d3d      D         d3d_disp.cpp:1196 real_choose_bitmap_format        [   0.18452] Alpha doesn't match
d3d      D         d3d_disp.cpp:1203 real_choose_bitmap_format        [   0.18455] Adapter format is 23
d3d      D         d3d_disp.cpp:1206 real_choose_bitmap_format        [   0.18457] Found a format
d3d      I         d3d_disp.cpp:2377 d3d_create_bitmap                [   0.18459] Chose bitmap format 9
dtor     D               dtor.c:196  _al_register_destructor          [   0.18530] added dtor for bitmap 0EB38B38, func 0F732252
stdio    D         file_stdio.c:110  file_stdio_fopen                 [   0.19911] opening wwalk-F1.png rb
d3d      D         d3d_disp.cpp:1188 real_choose_bitmap_format        [   0.19926] Fake format
d3d      D         d3d_disp.cpp:1188 real_choose_bitmap_format        [   0.19928] Fake format
d3d      D         d3d_disp.cpp:1188 real_choose_bitmap_format        [   0.19929] Fake format
d3d      D         d3d_disp.cpp:1188 real_choose_bitmap_format        [   0.19930] Fake format
d3d      D         d3d_disp.cpp:1188 real_choose_bitmap_format        [   0.19932] Fake format
d3d      D         d3d_disp.cpp:1188 real_choose_bitmap_format        [   0.19933] Fake format
d3d      D         d3d_disp.cpp:1188 real_choose_bitmap_format        [   0.19935] Fake format
d3d      D         d3d_disp.cpp:1188 real_choose_bitmap_format        [   0.19936] Fake format
d3d      D         d3d_disp.cpp:1188 real_choose_bitmap_format        [   0.19937] Fake format
d3d      D         d3d_disp.cpp:1196 real_choose_bitmap_format        [   0.19938] Alpha doesn't match
d3d      D         d3d_disp.cpp:1203 real_choose_bitmap_format        [   0.19940] Adapter format is 23
d3d      D         d3d_disp.cpp:1206 real_choose_bitmap_format        [   0.19941] Found a format
d3d      I         d3d_disp.cpp:2377 d3d_create_bitmap                [   0.19943] Chose bitmap format 9
dtor     D               dtor.c:196  _al_register_destructor          [   0.19956] added dtor for bitmap 0EAE8880, func 0F732252
stdio    D         file_stdio.c:110  file_stdio_fopen                 [   0.20000] opening wwalk-F2.png rb
d3d      D         d3d_disp.cpp:1188 real_choose_bitmap_format        [   0.20009] Fake format
d3d      D         d3d_disp.cpp:1188 real_choose_bitmap_format        [   0.20011] Fake format
d3d      D         d3d_disp.cpp:1188 real_choose_bitmap_format        [   0.20012] Fake format
d3d      D         d3d_disp.cpp:1188 real_choose_bitmap_format        [   0.20014] Fake format
d3d      D         d3d_disp.cpp:1188 real_choose_bitmap_format        [   0.20015] Fake format
d3d      D         d3d_disp.cpp:1188 real_choose_bitmap_format        [   0.20016] Fake format
d3d      D         d3d_disp.cpp:1188 real_choose_bitmap_format        [   0.20018] Fake format
d3d      D         d3d_disp.cpp:1188 real_choose_bitmap_format        [   0.20019] Fake format
d3d      D         d3d_disp.cpp:1188 real_choose_bitmap_format        [   0.20020] Fake format
d3d      D         d3d_disp.cpp:1196 real_choose_bitmap_format        [   0.20022] Alpha doesn't match
d3d      D         d3d_disp.cpp:1203 real_choose_bitmap_format        [   0.20023] Adapter format is 23
d3d      D         d3d_disp.cpp:1206 real_choose_bitmap_format        [   0.20025] Found a format
d3d      I         d3d_disp.cpp:2377 d3d_create_bitmap                [   0.20026] Chose bitmap format 9
dtor     D               dtor.c:196  _al_register_destructor          [   0.20034] added dtor for bitmap 0EAE8B20, func 0F732252
stdio    D         file_stdio.c:110  file_stdio_fopen                 [   0.20057] opening wwalk-F3.png rb
d3d      D         d3d_disp.cpp:1188 real_choose_bitmap_format        [   0.20067] Fake format
d3d      D         d3d_disp.cpp:1188 real_choose_bitmap_format        [   0.20069] Fake format
d3d      D         d3d_disp.cpp:1188 real_choose_bitmap_format        [   0.20070] Fake format
d3d      D         d3d_disp.cpp:1188 real_choose_bitmap_format        [   0.20071] Fake format
d3d      D         d3d_disp.cpp:1188 real_choose_bitmap_format        [   0.20073] Fake format
d3d      D         d3d_disp.cpp:1188 real_choose_bitmap_format        [   0.20074] Fake format
d3d      D         d3d_disp.cpp:1188 real_choose_bitmap_format        [   0.20075] Fake format
d3d      D         d3d_disp.cpp:1188 real_choose_bitmap_format        [   0.20076] Fake format
d3d      D         d3d_disp.cpp:1188 real_choose_bitmap_format        [   0.20078] Fake format
d3d      D         d3d_disp.cpp:1196 real_choose_bitmap_format        [   0.20079] Alpha doesn't match
d3d      D         d3d_disp.cpp:1203 real_choose_bitmap_format        [   0.20080] Adapter format is 23
d3d      D         d3d_disp.cpp:1206 real_choose_bitmap_format        [   0.20082] Found a format
d3d      I         d3d_disp.cpp:2377 d3d_create_bitmap                [   0.20083] Chose bitmap format 9
dtor     D               dtor.c:196  _al_register_destructor          [   0.20094] added dtor for bitmap 0EAE8EE8, func 0F732252
stdio    D         file_stdio.c:110  file_stdio_fopen                 [   0.20117] opening wwalk-F4.png rb
d3d      D         d3d_disp.cpp:1188 real_choose_bitmap_format        [   0.20126] Fake format
d3d      D         d3d_disp.cpp:1188 real_choose_bitmap_format        [   0.20128] Fake format
d3d      D         d3d_disp.cpp:1188 real_choose_bitmap_format        [   0.20130] Fake format
d3d      D         d3d_disp.cpp:1188 real_choose_bitmap_format        [   0.20131] Fake format
d3d      D         d3d_disp.cpp:1188 real_choose_bitmap_format        [   0.20132] Fake format
d3d      D         d3d_disp.cpp:1188 real_choose_bitmap_format        [   0.20134] Fake format
d3d      D         d3d_disp.cpp:1188 real_choose_bitmap_format        [   0.20135] Fake format
d3d      D         d3d_disp.cpp:1188 real_choose_bitmap_format        [   0.20136] Fake format
d3d      D         d3d_disp.cpp:1188 real_choose_bitmap_format        [   0.20137] Fake format
d3d      D         d3d_disp.cpp:1196 real_choose_bitmap_format        [   0.20139] Alpha doesn't match
d3d      D         d3d_disp.cpp:1203 real_choose_bitmap_format        [   0.20140] Adapter format is 23
d3d      D         d3d_disp.cpp:1206 real_choose_bitmap_format        [   0.20142] Found a format
d3d      I         d3d_disp.cpp:2377 d3d_create_bitmap                [   0.20143] Chose bitmap format 9
dtor     D               dtor.c:196  _al_register_destructor          [   0.20151] added dtor for bitmap 0EAE9188, func 0F732252
stdio    D         file_stdio.c:110  file_stdio_fopen                 [   0.20173] opening wwalk-F5.png rb
d3d      D         d3d_disp.cpp:1188 real_choose_bitmap_format        [   0.20181] Fake format
d3d      D         d3d_disp.cpp:1188 real_choose_bitmap_format        [   0.20183] Fake format
d3d      D         d3d_disp.cpp:1188 real_choose_bitmap_format        [   0.20184] Fake format
d3d      D         d3d_disp.cpp:1188 real_choose_bitmap_format        [   0.20187] Fake format
d3d      D         d3d_disp.cpp:1188 real_choose_bitmap_format        [   0.20188] Fake format
d3d      D         d3d_disp.cpp:1188 real_choose_bitmap_format        [   0.20190] Fake format
d3d      D         d3d_disp.cpp:1188 real_choose_bitmap_format        [   0.20191] Fake format
d3d      D         d3d_disp.cpp:1188 real_choose_bitmap_format        [   0.20192] Fake format
d3d      D         d3d_disp.cpp:1188 real_choose_bitmap_format        [   0.20193] Fake format
d3d      D         d3d_disp.cpp:1196 real_choose_bitmap_format        [   0.20194] Alpha doesn't match
d3d      D         d3d_disp.cpp:1203 real_choose_bitmap_format        [   0.20196] Adapter format is 23
d3d      D         d3d_disp.cpp:1206 real_choose_bitmap_format        [   0.20197] Found a format
d3d      I         d3d_disp.cpp:2377 d3d_create_bitmap                [   0.20198] Chose bitmap format 9
dtor     D               dtor.c:196  _al_register_destructor          [   0.20206] added dtor for bitmap 0EAFECF8, func 0F732252
stdio    D         file_stdio.c:110  file_stdio_fopen                 [   0.20226] opening wwalk-F6.png rb
d3d      D         d3d_disp.cpp:1188 real_choose_bitmap_format        [   0.20234] Fake format
d3d      D         d3d_disp.cpp:1188 real_choose_bitmap_format        [   0.20236] Fake format
d3d      D         d3d_disp.cpp:1188 real_choose_bitmap_format        [   0.20237] Fake format
d3d      D         d3d_disp.cpp:1188 real_choose_bitmap_format        [   0.20238] Fake format
d3d      D         d3d_disp.cpp:1188 real_choose_bitmap_format        [   0.20240] Fake format
d3d      D         d3d_disp.cpp:1188 real_choose_bitmap_format        [   0.20241] Fake format
d3d      D         d3d_disp.cpp:1188 real_choose_bitmap_format        [   0.20242] Fake format
d3d      D         d3d_disp.cpp:1188 real_choose_bitmap_format        [   0.20243] Fake format
d3d      D         d3d_disp.cpp:1188 real_choose_bitmap_format        [   0.20244] Fake format
d3d      D         d3d_disp.cpp:1196 real_choose_bitmap_format        [   0.20246] Alpha doesn't match
d3d      D         d3d_disp.cpp:1203 real_choose_bitmap_format        [   0.20251] Adapter format is 23
d3d      D         d3d_disp.cpp:1206 real_choose_bitmap_format        [   0.20253] Found a format
d3d      I         d3d_disp.cpp:2377 d3d_create_bitmap                [   0.20254] Chose bitmap format 9
dtor     D               dtor.c:196  _al_register_destructor          [   0.20263] added dtor for bitmap 0EAFEE70, func 0F732252
stdio    D         file_stdio.c:110  file_stdio_fopen                 [   0.20283] opening wwalk-F7.png rb
d3d      D         d3d_disp.cpp:1188 real_choose_bitmap_format        [   0.20294] Fake format
d3d      D         d3d_disp.cpp:1188 real_choose_bitmap_format        [   0.20295] Fake format
d3d      D         d3d_disp.cpp:1188 real_choose_bitmap_format        [   0.20297] Fake format
d3d      D         d3d_disp.cpp:1188 real_choose_bitmap_format        [   0.20298] Fake format
d3d      D         d3d_disp.cpp:1188 real_choose_bitmap_format        [   0.20299] Fake format
d3d      D         d3d_disp.cpp:1188 real_choose_bitmap_format        [   0.20301] Fake format
d3d      D         d3d_disp.cpp:1188 real_choose_bitmap_format        [   0.20302] Fake format
d3d      D         d3d_disp.cpp:1188 real_choose_bitmap_format        [   0.20303] Fake format
d3d      D         d3d_disp.cpp:1188 real_choose_bitmap_format        [   0.20304] Fake format
d3d      D         d3d_disp.cpp:1196 real_choose_bitmap_format        [   0.20306] Alpha doesn't match
d3d      D         d3d_disp.cpp:1203 real_choose_bitmap_format        [   0.20307] Adapter format is 23
d3d      D         d3d_disp.cpp:1206 real_choose_bitmap_format        [   0.20308] Found a format
d3d      I         d3d_disp.cpp:2377 d3d_create_bitmap                [   0.20310] Chose bitmap format 9
dtor     D               dtor.c:196  _al_register_destructor          [   0.20322] added dtor for bitmap 0EAFEFE8, func 0F732252
stdio    D         file_stdio.c:110  file_stdio_fopen                 [   0.20349] opening wwalk-F8.png rb
d3d      D         d3d_disp.cpp:1188 real_choose_bitmap_format        [   0.20358] Fake format
d3d      D         d3d_disp.cpp:1188 real_choose_bitmap_format        [   0.20359] Fake format
d3d      D         d3d_disp.cpp:1188 real_choose_bitmap_format        [   0.20361] Fake format
d3d      D         d3d_disp.cpp:1188 real_choose_bitmap_format        [   0.20362] Fake format
d3d      D         d3d_disp.cpp:1188 real_choose_bitmap_format        [   0.20363] Fake format
d3d      D         d3d_disp.cpp:1188 real_choose_bitmap_format        [   0.20365] Fake format
d3d      D         d3d_disp.cpp:1188 real_choose_bitmap_format        [   0.20366] Fake format
d3d      D         d3d_disp.cpp:1188 real_choose_bitmap_format        [   0.20367] Fake format
d3d      D         d3d_disp.cpp:1188 real_choose_bitmap_format        [   0.20368] Fake format
d3d      D         d3d_disp.cpp:1196 real_choose_bitmap_format        [   0.20370] Alpha doesn't match
d3d      D         d3d_disp.cpp:1203 real_choose_bitmap_format        [   0.20371] Adapter format is 23
d3d      D         d3d_disp.cpp:1206 real_choose_bitmap_format        [   0.20373] Found a format
d3d      I         d3d_disp.cpp:2377 d3d_create_bitmap                [   0.20374] Chose bitmap format 9
dtor     D               dtor.c:196  _al_register_destructor          [   0.20382] added dtor for bitmap 0EAFF568, func 0F732252
stdio    D         file_stdio.c:110  file_stdio_fopen                 [   0.20407] opening wwalk-F9.png rb
d3d      D         d3d_disp.cpp:1188 real_choose_bitmap_format        [   0.20417] Fake format
d3d      D         d3d_disp.cpp:1188 real_choose_bitmap_format        [   0.20419] Fake format
d3d      D         d3d_disp.cpp:1188 real_choose_bitmap_format        [   0.20420] Fake format
d3d      D         d3d_disp.cpp:1188 real_choose_bitmap_format        [   0.20421] Fake format
d3d      D         d3d_disp.cpp:1188 real_choose_bitmap_format        [   0.20423] Fake format
d3d      D         d3d_disp.cpp:1188 real_choose_bitmap_format        [   0.20424] Fake format
d3d      D         d3d_disp.cpp:1188 real_choose_bitmap_format        [   0.20426] Fake format
d3d      D         d3d_disp.cpp:1188 real_choose_bitmap_format        [   0.20427] Fake format
d3d      D         d3d_disp.cpp:1188 real_choose_bitmap_format        [   0.20429] Fake format
d3d      D         d3d_disp.cpp:1196 real_choose_bitmap_format        [   0.20430] Alpha doesn't match
d3d      D         d3d_disp.cpp:1203 real_choose_bitmap_format        [   0.20432] Adapter format is 23
d3d      D         d3d_disp.cpp:1206 real_choose_bitmap_format        [   0.20433] Found a format
d3d      I         d3d_disp.cpp:2377 d3d_create_bitmap                [   0.20435] Chose bitmap format 9
dtor     D               dtor.c:196  _al_register_destructor          [   0.20447] added dtor for bitmap 0EAE1688, func 0F732252
stdio    D         file_stdio.c:110  file_stdio_fopen                 [   0.20471] opening wwalk-F10.png rb
d3d      D         d3d_disp.cpp:1188 real_choose_bitmap_format        [   0.20481] Fake format
d3d      D         d3d_disp.cpp:1188 real_choose_bitmap_format        [   0.20483] Fake format
d3d      D         d3d_disp.cpp:1188 real_choose_bitmap_format        [   0.20485] Fake format
d3d      D         d3d_disp.cpp:1188 real_choose_bitmap_format        [   0.20486] Fake format
d3d      D         d3d_disp.cpp:1188 real_choose_bitmap_format        [   0.20487] Fake format
d3d      D         d3d_disp.cpp:1188 real_choose_bitmap_format        [   0.20489] Fake format
d3d      D         d3d_disp.cpp:1188 real_choose_bitmap_format        [   0.20492] Fake format
d3d      D         d3d_disp.cpp:1188 real_choose_bitmap_format        [   0.20493] Fake format
d3d      D         d3d_disp.cpp:1188 real_choose_bitmap_format        [   0.20494] Fake format
d3d      D         d3d_disp.cpp:1196 real_choose_bitmap_format        [   0.20496] Alpha doesn't match
d3d      D         d3d_disp.cpp:1203 real_choose_bitmap_format        [   0.20497] Adapter format is 23
d3d      D         d3d_disp.cpp:1206 real_choose_bitmap_format        [   0.20498] Found a format
d3d      I         d3d_disp.cpp:2377 d3d_create_bitmap                [   0.20500] Chose bitmap format 9
dtor     D               dtor.c:196  _al_register_destructor          [   0.20510] added dtor for bitmap 0EAE1800, func 0F732252
stdio    D         file_stdio.c:110  file_stdio_fopen                 [   0.20531] opening wwalk-F11.png rb
d3d      D         d3d_disp.cpp:1188 real_choose_bitmap_format        [   0.20540] Fake format
d3d      D         d3d_disp.cpp:1188 real_choose_bitmap_format        [   0.20541] Fake format
d3d      D         d3d_disp.cpp:1188 real_choose_bitmap_format        [   0.20542] Fake format
d3d      D         d3d_disp.cpp:1188 real_choose_bitmap_format        [   0.20544] Fake format
d3d      D         d3d_disp.cpp:1188 real_choose_bitmap_format        [   0.20545] Fake format
d3d      D         d3d_disp.cpp:1188 real_choose_bitmap_format        [   0.20546] Fake format
d3d      D         d3d_disp.cpp:1188 real_choose_bitmap_format        [   0.20547] Fake format
d3d      D         d3d_disp.cpp:1188 real_choose_bitmap_format        [   0.20549] Fake format
d3d      D         d3d_disp.cpp:1188 real_choose_bitmap_format        [   0.20550] Fake format
d3d      D         d3d_disp.cpp:1196 real_choose_bitmap_format        [   0.20551] Alpha doesn't match
d3d      D         d3d_disp.cpp:1203 real_choose_bitmap_format        [   0.20552] Adapter format is 23
d3d      D         d3d_disp.cpp:1206 real_choose_bitmap_format        [   0.20554] Found a format
d3d      I         d3d_disp.cpp:2377 d3d_create_bitmap                [   0.20555] Chose bitmap format 9
dtor     D               dtor.c:196  _al_register_destructor          [   0.20575] added dtor for bitmap 0EB8EE58, func 0F732252
stdio    D         file_stdio.c:110  file_stdio_fopen                 [   0.20602] opening wwalk-F12.png rb
d3d      D         d3d_disp.cpp:1188 real_choose_bitmap_format        [   0.20630] Fake format
d3d      D         d3d_disp.cpp:1188 real_choose_bitmap_format        [   0.20633] Fake format
d3d      D         d3d_disp.cpp:1188 real_choose_bitmap_format        [   0.20634] Fake format
d3d      D         d3d_disp.cpp:1188 real_choose_bitmap_format        [   0.20636] Fake format
d3d      D         d3d_disp.cpp:1188 real_choose_bitmap_format        [   0.20637] Fake format
d3d      D         d3d_disp.cpp:1188 real_choose_bitmap_format        [   0.20638] Fake format
d3d      D         d3d_disp.cpp:1188 real_choose_bitmap_format        [   0.20641] Fake format
d3d      D         d3d_disp.cpp:1188 real_choose_bitmap_format        [   0.20642] Fake format
d3d      D         d3d_disp.cpp:1188 real_choose_bitmap_format        [   0.20643] Fake format
d3d      D         d3d_disp.cpp:1196 real_choose_bitmap_format        [   0.20645] Alpha doesn't match
d3d      D         d3d_disp.cpp:1203 real_choose_bitmap_format        [   0.20647] Adapter format is 23
d3d      D         d3d_disp.cpp:1206 real_choose_bitmap_format        [   0.20649] Found a format
d3d      I         d3d_disp.cpp:2377 d3d_create_bitmap                [   0.20651] Chose bitmap format 9
dtor     D               dtor.c:196  _al_register_destructor          [   0.20680] added dtor for bitmap 0EAE1978, func 0F732252
stdio    D         file_stdio.c:110  file_stdio_fopen                 [   0.20734] opening wwalk-F13.png rb
d3d      D         d3d_disp.cpp:1188 real_choose_bitmap_format        [   0.20757] Fake format
d3d      D         d3d_disp.cpp:1188 real_choose_bitmap_format        [   0.20759] Fake format
d3d      D         d3d_disp.cpp:1188 real_choose_bitmap_format        [   0.20760] Fake format
d3d      D         d3d_disp.cpp:1188 real_choose_bitmap_format        [   0.20762] Fake format
d3d      D         d3d_disp.cpp:1188 real_choose_bitmap_format        [   0.20763] Fake format
d3d      D         d3d_disp.cpp:1188 real_choose_bitmap_format        [   0.20765] Fake format
d3d      D         d3d_disp.cpp:1188 real_choose_bitmap_format        [   0.20766] Fake format
d3d      D         d3d_disp.cpp:1188 real_choose_bitmap_format        [   0.20768] Fake format
d3d      D         d3d_disp.cpp:1188 real_choose_bitmap_format        [   0.20769] Fake format
d3d      D         d3d_disp.cpp:1196 real_choose_bitmap_format        [   0.20771] Alpha doesn't match
d3d      D         d3d_disp.cpp:1203 real_choose_bitmap_format        [   0.20773] Adapter format is 23
d3d      D         d3d_disp.cpp:1206 real_choose_bitmap_format        [   0.20774] Found a format
d3d      I         d3d_disp.cpp:2377 d3d_create_bitmap                [   0.20776] Chose bitmap format 9
dtor     D               dtor.c:196  _al_register_destructor          [   0.20794] added dtor for bitmap 0EAE1AF0, func 0F732252
stdio    D         file_stdio.c:110  file_stdio_fopen                 [   0.20846] opening wwalk-F14.png rb
d3d      D         d3d_disp.cpp:1188 real_choose_bitmap_format        [   0.20882] Fake format
d3d      D         d3d_disp.cpp:1188 real_choose_bitmap_format        [   0.20887] Fake format
d3d      D         d3d_disp.cpp:1188 real_choose_bitmap_format        [   0.20891] Fake format
d3d      D         d3d_disp.cpp:1188 real_choose_bitmap_format        [   0.20893] Fake format
d3d      D         d3d_disp.cpp:1188 real_choose_bitmap_format        [   0.20894] Fake format
d3d      D         d3d_disp.cpp:1188 real_choose_bitmap_format        [   0.20896] Fake format
d3d      D         d3d_disp.cpp:1188 real_choose_bitmap_format        [   0.20898] Fake format
d3d      D         d3d_disp.cpp:1188 real_choose_bitmap_format        [   0.20900] Fake format
d3d      D         d3d_disp.cpp:1188 real_choose_bitmap_format        [   0.20902] Fake format
d3d      D         d3d_disp.cpp:1196 real_choose_bitmap_format        [   0.20910] Alpha doesn't match
d3d      D         d3d_disp.cpp:1203 real_choose_bitmap_format        [   0.20912] Adapter format is 23
d3d      D         d3d_disp.cpp:1206 real_choose_bitmap_format        [   0.20916] Found a format
d3d      I         d3d_disp.cpp:2377 d3d_create_bitmap                [   0.20920] Chose bitmap format 9
dtor     D               dtor.c:196  _al_register_destructor          [   0.20979] added dtor for bitmap 0EAE1C68, func 0F732252
stdio    D         file_stdio.c:110  file_stdio_fopen                 [   0.21070] opening wwalk-F15.png rb
d3d      D         d3d_disp.cpp:1188 real_choose_bitmap_format        [   0.21138] Fake format
d3d      D         d3d_disp.cpp:1188 real_choose_bitmap_format        [   0.21143] Fake format
d3d      D         d3d_disp.cpp:1188 real_choose_bitmap_format        [   0.21146] Fake format
d3d      D         d3d_disp.cpp:1188 real_choose_bitmap_format        [   0.21148] Fake format
d3d      D         d3d_disp.cpp:1188 real_choose_bitmap_format        [   0.21150] Fake format
d3d      D         d3d_disp.cpp:1188 real_choose_bitmap_format        [   0.21153] Fake format
d3d      D         d3d_disp.cpp:1188 real_choose_bitmap_format        [   0.21156] Fake format
d3d      D         d3d_disp.cpp:1188 real_choose_bitmap_format        [   0.21159] Fake format
d3d      D         d3d_disp.cpp:1188 real_choose_bitmap_format        [   0.21161] Fake format
d3d      D         d3d_disp.cpp:1196 real_choose_bitmap_format        [   0.21164] Alpha doesn't match
d3d      D         d3d_disp.cpp:1203 real_choose_bitmap_format        [   0.21166] Adapter format is 23
d3d      D         d3d_disp.cpp:1206 real_choose_bitmap_format        [   0.21169] Found a format
d3d      I         d3d_disp.cpp:2377 d3d_create_bitmap                [   0.21172] Chose bitmap format 9
dtor     D               dtor.c:196  _al_register_destructor          [   0.21231] added dtor for bitmap 0EAE1DE0, func 0F732252
stdio    D         file_stdio.c:110  file_stdio_fopen                 [   0.21267] opening wjump-F1.png rb
d3d      D         d3d_disp.cpp:1188 real_choose_bitmap_format        [   0.21285] Fake format
d3d      D         d3d_disp.cpp:1188 real_choose_bitmap_format        [   0.21287] Fake format
d3d      D         d3d_disp.cpp:1188 real_choose_bitmap_format        [   0.21290] Fake format
d3d      D         d3d_disp.cpp:1188 real_choose_bitmap_format        [   0.21293] Fake format
d3d      D         d3d_disp.cpp:1188 real_choose_bitmap_format        [   0.21295] Fake format
d3d      D         d3d_disp.cpp:1188 real_choose_bitmap_format        [   0.21296] Fake format
d3d      D         d3d_disp.cpp:1188 real_choose_bitmap_format        [   0.21298] Fake format
d3d      D         d3d_disp.cpp:1188 real_choose_bitmap_format        [   0.21300] Fake format
d3d      D         d3d_disp.cpp:1188 real_choose_bitmap_format        [   0.21302] Fake format
d3d      D         d3d_disp.cpp:1196 real_choose_bitmap_format        [   0.21303] Alpha doesn't match
d3d      D         d3d_disp.cpp:1203 real_choose_bitmap_format        [   0.21305] Adapter format is 23
d3d      D         d3d_disp.cpp:1206 real_choose_bitmap_format        [   0.21307] Found a format
d3d      I         d3d_disp.cpp:2377 d3d_create_bitmap                [   0.21309] Chose bitmap format 9
dtor     D               dtor.c:196  _al_register_destructor          [   0.21322] added dtor for bitmap 10CA9318, func 0F732252
stdio    D         file_stdio.c:110  file_stdio_fopen                 [   0.21354] opening wjump-F2.png rb
d3d      D         d3d_disp.cpp:1188 real_choose_bitmap_format        [   0.21367] Fake format
d3d      D         d3d_disp.cpp:1188 real_choose_bitmap_format        [   0.21369] Fake format
d3d      D         d3d_disp.cpp:1188 real_choose_bitmap_format        [   0.21371] Fake format
d3d      D         d3d_disp.cpp:1188 real_choose_bitmap_format        [   0.21373] Fake format
d3d      D         d3d_disp.cpp:1188 real_choose_bitmap_format        [   0.21375] Fake format
d3d      D         d3d_disp.cpp:1188 real_choose_bitmap_format        [   0.21377] Fake format
d3d      D         d3d_disp.cpp:1188 real_choose_bitmap_format        [   0.21379] Fake format
d3d      D         d3d_disp.cpp:1188 real_choose_bitmap_format        [   0.21381] Fake format
d3d      D         d3d_disp.cpp:1188 real_choose_bitmap_format        [   0.21383] Fake format
d3d      D         d3d_disp.cpp:1196 real_choose_bitmap_format        [   0.21385] Alpha doesn't match
d3d      D         d3d_disp.cpp:1203 real_choose_bitmap_format        [   0.21387] Adapter format is 23
d3d      D         d3d_disp.cpp:1206 real_choose_bitmap_format        [   0.21389] Found a format
d3d      I         d3d_disp.cpp:2377 d3d_create_bitmap                [   0.21391] Chose bitmap format 9
dtor     D               dtor.c:196  _al_register_destructor          [   0.21407] added dtor for bitmap 10CA91A0, func 0F732252
stdio    D         file_stdio.c:110  file_stdio_fopen                 [   0.21436] opening wjump-F3.png rb
d3d      D         d3d_disp.cpp:1188 real_choose_bitmap_format        [   0.21448] Fake format
d3d      D         d3d_disp.cpp:1188 real_choose_bitmap_format        [   0.21451] Fake format
d3d      D         d3d_disp.cpp:1188 real_choose_bitmap_format        [   0.21453] Fake format
d3d      D         d3d_disp.cpp:1188 real_choose_bitmap_format        [   0.21455] Fake format
d3d      D         d3d_disp.cpp:1188 real_choose_bitmap_format        [   0.21457] Fake format
d3d      D         d3d_disp.cpp:1188 real_choose_bitmap_format        [   0.21458] Fake format
d3d      D         d3d_disp.cpp:1188 real_choose_bitmap_format        [   0.21460] Fake format
d3d      D         d3d_disp.cpp:1188 real_choose_bitmap_format        [   0.21462] Fake format
d3d      D         d3d_disp.cpp:1188 real_choose_bitmap_format        [   0.21464] Fake format
d3d      D         d3d_disp.cpp:1196 real_choose_bitmap_format        [   0.21466] Alpha doesn't match
d3d      D         d3d_disp.cpp:1203 real_choose_bitmap_format        [   0.21468] Adapter format is 23
d3d      D         d3d_disp.cpp:1206 real_choose_bitmap_format        [   0.21470] Found a format
d3d      I         d3d_disp.cpp:2377 d3d_create_bitmap                [   0.21472] Chose bitmap format 9
dtor     D               dtor.c:196  _al_register_destructor          [   0.21484] added dtor for bitmap 10CA98F8, func 0F732252
stdio    D         file_stdio.c:110  file_stdio_fopen                 [   0.21512] opening wjump-F4.png rb
d3d      D         d3d_disp.cpp:1188 real_choose_bitmap_format        [   0.21523] Fake format
d3d      D         d3d_disp.cpp:1188 real_choose_bitmap_format        [   0.21526] Fake format
d3d      D         d3d_disp.cpp:1188 real_choose_bitmap_format        [   0.21528] Fake format
d3d      D         d3d_disp.cpp:1188 real_choose_bitmap_format        [   0.21529] Fake format
d3d      D         d3d_disp.cpp:1188 real_choose_bitmap_format        [   0.21531] Fake format
d3d      D         d3d_disp.cpp:1188 real_choose_bitmap_format        [   0.21533] Fake format
d3d      D         d3d_disp.cpp:1188 real_choose_bitmap_format        [   0.21535] Fake format
d3d      D         d3d_disp.cpp:1188 real_choose_bitmap_format        [   0.21537] Fake format
d3d      D         d3d_disp.cpp:1188 real_choose_bitmap_format        [   0.21539] Fake format
d3d      D         d3d_disp.cpp:1196 real_choose_bitmap_format        [   0.21541] Alpha doesn't match
d3d      D         d3d_disp.cpp:1203 real_choose_bitmap_format        [   0.21543] Adapter format is 23
d3d      D         d3d_disp.cpp:1206 real_choose_bitmap_format        [   0.21545] Found a format
d3d      I         d3d_disp.cpp:2377 d3d_create_bitmap                [   0.21547] Chose bitmap format 9
dtor     D               dtor.c:196  _al_register_destructor          [   0.21558] added dtor for bitmap 10CA9780, func 0F732252
stdio    D         file_stdio.c:110  file_stdio_fopen                 [   0.21591] opening wjump-F5.png rb
d3d      D         d3d_disp.cpp:1188 real_choose_bitmap_format        [   0.21602] Fake format
d3d      D         d3d_disp.cpp:1188 real_choose_bitmap_format        [   0.21604] Fake format
d3d      D         d3d_disp.cpp:1188 real_choose_bitmap_format        [   0.21606] Fake format
d3d      D         d3d_disp.cpp:1188 real_choose_bitmap_format        [   0.21608] Fake format
d3d      D         d3d_disp.cpp:1188 real_choose_bitmap_format        [   0.21610] Fake format
d3d      D         d3d_disp.cpp:1188 real_choose_bitmap_format        [   0.21612] Fake format
d3d      D         d3d_disp.cpp:1188 real_choose_bitmap_format        [   0.21614] Fake format
d3d      D         d3d_disp.cpp:1188 real_choose_bitmap_format        [   0.21616] Fake format
d3d      D         d3d_disp.cpp:1188 real_choose_bitmap_format        [   0.21617] Fake format
d3d      D         d3d_disp.cpp:1196 real_choose_bitmap_format        [   0.21619] Alpha doesn't match
d3d      D         d3d_disp.cpp:1203 real_choose_bitmap_format        [   0.21621] Adapter format is 23
d3d      D         d3d_disp.cpp:1206 real_choose_bitmap_format        [   0.21623] Found a format
d3d      I         d3d_disp.cpp:2377 d3d_create_bitmap                [   0.21625] Chose bitmap format 9
dtor     D               dtor.c:196  _al_register_destructor          [   0.21636] added dtor for bitmap 10CA8EB0, func 0F732252
stdio    D         file_stdio.c:110  file_stdio_fopen                 [   0.21664] opening wjump-F6.png rb
d3d      D         d3d_disp.cpp:1188 real_choose_bitmap_format        [   0.21674] Fake format
d3d      D         d3d_disp.cpp:1188 real_choose_bitmap_format        [   0.21676] Fake format
d3d      D         d3d_disp.cpp:1188 real_choose_bitmap_format        [   0.21678] Fake format
d3d      D         d3d_disp.cpp:1188 real_choose_bitmap_format        [   0.21680] Fake format
d3d      D         d3d_disp.cpp:1188 real_choose_bitmap_format        [   0.21682] Fake format
d3d      D         d3d_disp.cpp:1188 real_choose_bitmap_format        [   0.21684] Fake format
d3d      D         d3d_disp.cpp:1188 real_choose_bitmap_format        [   0.21686] Fake format
d3d      D         d3d_disp.cpp:1188 real_choose_bitmap_format        [   0.21688] Fake format
d3d      D         d3d_disp.cpp:1188 real_choose_bitmap_format        [   0.21690] Fake format
d3d      D         d3d_disp.cpp:1196 real_choose_bitmap_format        [   0.21692] Alpha doesn't match
d3d      D         d3d_disp.cpp:1203 real_choose_bitmap_format        [   0.21694] Adapter format is 23
d3d      D         d3d_disp.cpp:1206 real_choose_bitmap_format        [   0.21696] Found a format
d3d      I         d3d_disp.cpp:2377 d3d_create_bitmap                [   0.21698] Chose bitmap format 9
dtor     D               dtor.c:196  _al_register_destructor          [   0.21713] added dtor for bitmap 10CA9A70, func 0F732252
stdio    D         file_stdio.c:110  file_stdio_fopen                 [   0.21741] opening wjump-F7.png rb
d3d      D         d3d_disp.cpp:1188 real_choose_bitmap_format        [   0.21751] Fake format
d3d      D         d3d_disp.cpp:1188 real_choose_bitmap_format        [   0.21754] Fake format
d3d      D         d3d_disp.cpp:1188 real_choose_bitmap_format        [   0.21755] Fake format
d3d      D         d3d_disp.cpp:1188 real_choose_bitmap_format        [   0.21757] Fake format
d3d      D         d3d_disp.cpp:1188 real_choose_bitmap_format        [   0.21759] Fake format
d3d      D         d3d_disp.cpp:1188 real_choose_bitmap_format        [   0.21761] Fake format
d3d      D         d3d_disp.cpp:1188 real_choose_bitmap_format        [   0.21762] Fake format
d3d      D         d3d_disp.cpp:1188 real_choose_bitmap_format        [   0.21764] Fake format
d3d      D         d3d_disp.cpp:1188 real_choose_bitmap_format        [   0.21766] Fake format
d3d      D         d3d_disp.cpp:1196 real_choose_bitmap_format        [   0.21768] Alpha doesn't match
d3d      D         d3d_disp.cpp:1203 real_choose_bitmap_format        [   0.21770] Adapter format is 23
d3d      D         d3d_disp.cpp:1206 real_choose_bitmap_format        [   0.21772] Found a format
d3d      I         d3d_disp.cpp:2377 d3d_create_bitmap                [   0.21774] Chose bitmap format 9
dtor     D               dtor.c:196  _al_register_destructor          [   0.21788] added dtor for bitmap 10CA9490, func 0F732252
stdio    D         file_stdio.c:110  file_stdio_fopen                 [   0.21818] opening wjump-F8.png rb
d3d      D         d3d_disp.cpp:1188 real_choose_bitmap_format        [   0.21831] Fake format
d3d      D         d3d_disp.cpp:1188 real_choose_bitmap_format        [   0.21834] Fake format
d3d      D         d3d_disp.cpp:1188 real_choose_bitmap_format        [   0.21836] Fake format
d3d      D         d3d_disp.cpp:1188 real_choose_bitmap_format        [   0.21838] Fake format
d3d      D         d3d_disp.cpp:1188 real_choose_bitmap_format        [   0.21840] Fake format
d3d      D         d3d_disp.cpp:1188 real_choose_bitmap_format        [   0.21842] Fake format
d3d      D         d3d_disp.cpp:1188 real_choose_bitmap_format        [   0.21845] Fake format
d3d      D         d3d_disp.cpp:1188 real_choose_bitmap_format        [   0.21847] Fake format
d3d      D         d3d_disp.cpp:1188 real_choose_bitmap_format        [   0.21849] Fake format
d3d      D         d3d_disp.cpp:1196 real_choose_bitmap_format        [   0.21851] Alpha doesn't match
d3d      D         d3d_disp.cpp:1203 real_choose_bitmap_format        [   0.21853] Adapter format is 23
d3d      D         d3d_disp.cpp:1206 real_choose_bitmap_format        [   0.21856] Found a format
d3d      I         d3d_disp.cpp:2377 d3d_create_bitmap                [   0.21858] Chose bitmap format 9
dtor     D               dtor.c:196  _al_register_destructor          [   0.21871] added dtor for bitmap 10CA8D38, func 0F732252
stdio    D         file_stdio.c:110  file_stdio_fopen                 [   0.21904] opening wjump-F9.png rb
d3d      D         d3d_disp.cpp:1188 real_choose_bitmap_format        [   0.21916] Fake format
d3d      D         d3d_disp.cpp:1188 real_choose_bitmap_format        [   0.21918] Fake format
d3d      D         d3d_disp.cpp:1188 real_choose_bitmap_format        [   0.21921] Fake format
d3d      D         d3d_disp.cpp:1188 real_choose_bitmap_format        [   0.21923] Fake format
d3d      D         d3d_disp.cpp:1188 real_choose_bitmap_format        [   0.21925] Fake format
d3d      D         d3d_disp.cpp:1188 real_choose_bitmap_format        [   0.21927] Fake format
d3d      D         d3d_disp.cpp:1188 real_choose_bitmap_format        [   0.21929] Fake format
d3d      D         d3d_disp.cpp:1188 real_choose_bitmap_format        [   0.21931] Fake format
d3d      D         d3d_disp.cpp:1188 real_choose_bitmap_format        [   0.21933] Fake format
d3d      D         d3d_disp.cpp:1196 real_choose_bitmap_format        [   0.21935] Alpha doesn't match
d3d      D         d3d_disp.cpp:1203 real_choose_bitmap_format        [   0.21937] Adapter format is 23
d3d      D         d3d_disp.cpp:1206 real_choose_bitmap_format        [   0.21939] Found a format
d3d      I         d3d_disp.cpp:2377 d3d_create_bitmap                [   0.21941] Chose bitmap format 9
dtor     D               dtor.c:196  _al_register_destructor          [   0.21955] added dtor for bitmap 10CA9028, func 0F732252
stdio    D         file_stdio.c:110  file_stdio_fopen                 [   0.21984] opening wjump-F10.png rb
d3d      D         d3d_disp.cpp:1188 real_choose_bitmap_format        [   0.21999] Fake format
d3d      D         d3d_disp.cpp:1188 real_choose_bitmap_format        [   0.22001] Fake format
d3d      D         d3d_disp.cpp:1188 real_choose_bitmap_format        [   0.22003] Fake format
d3d      D         d3d_disp.cpp:1188 real_choose_bitmap_format        [   0.22005] Fake format
d3d      D         d3d_disp.cpp:1188 real_choose_bitmap_format        [   0.22007] Fake format
d3d      D         d3d_disp.cpp:1188 real_choose_bitmap_format        [   0.22009] Fake format
d3d      D         d3d_disp.cpp:1188 real_choose_bitmap_format        [   0.22011] Fake format
d3d      D         d3d_disp.cpp:1188 real_choose_bitmap_format        [   0.22013] Fake format
d3d      D         d3d_disp.cpp:1188 real_choose_bitmap_format        [   0.22015] Fake format
d3d      D         d3d_disp.cpp:1196 real_choose_bitmap_format        [   0.22017] Alpha doesn't match
d3d      D         d3d_disp.cpp:1203 real_choose_bitmap_format        [   0.22019] Adapter format is 23
d3d      D         d3d_disp.cpp:1206 real_choose_bitmap_format        [   0.22022] Found a format
d3d      I         d3d_disp.cpp:2377 d3d_create_bitmap                [   0.22024] Chose bitmap format 9
dtor     D               dtor.c:196  _al_register_destructor          [   0.22035] added dtor for bitmap 10CA9608, func 0F732252
stdio    D         file_stdio.c:110  file_stdio_fopen                 [   0.22082] opening wwalk-F1.png rb
d3d      D         d3d_disp.cpp:1188 real_choose_bitmap_format        [   0.22097] Fake format
d3d      D         d3d_disp.cpp:1188 real_choose_bitmap_format        [   0.22099] Fake format
d3d      D         d3d_disp.cpp:1188 real_choose_bitmap_format        [   0.22101] Fake format
d3d      D         d3d_disp.cpp:1188 real_choose_bitmap_format        [   0.22103] Fake format
d3d      D         d3d_disp.cpp:1188 real_choose_bitmap_format        [   0.22105] Fake format
d3d      D         d3d_disp.cpp:1188 real_choose_bitmap_format        [   0.22107] Fake format
d3d      D         d3d_disp.cpp:1188 real_choose_bitmap_format        [   0.22109] Fake format
d3d      D         d3d_disp.cpp:1188 real_choose_bitmap_format        [   0.22111] Fake format
d3d      D         d3d_disp.cpp:1188 real_choose_bitmap_format        [   0.22113] Fake format
d3d      D         d3d_disp.cpp:1196 real_choose_bitmap_format        [   0.22115] Alpha doesn't match
d3d      D         d3d_disp.cpp:1203 real_choose_bitmap_format        [   0.22117] Adapter format is 23
d3d      D         d3d_disp.cpp:1206 real_choose_bitmap_format        [   0.22119] Found a format
d3d      I         d3d_disp.cpp:2377 d3d_create_bitmap                [   0.22120] Chose bitmap format 9
dtor     D               dtor.c:196  _al_register_destructor          [   0.22130] added dtor for bitmap 10D31098, func 0F732252
d3d      D          d3d_bmp.cpp:539  _al_d3d_sync_bitmap              [   0.23296] _al_d3d_sync_bitmap (system) ref count == 1
d3d      D          d3d_bmp.cpp:545  _al_d3d_sync_bitmap              [   0.23308] _al_d3d_sync_bitmap (video) ref count == 1
d3d      D          d3d_bmp.cpp:539  _al_d3d_sync_bitmap              [   0.23856] _al_d3d_sync_bitmap (system) ref count == 1
d3d      D          d3d_bmp.cpp:545  _al_d3d_sync_bitmap              [   0.23861] _al_d3d_sync_bitmap (video) ref count == 1
d3d      D          d3d_bmp.cpp:539  _al_d3d_sync_bitmap              [   0.24034] _al_d3d_sync_bitmap (system) ref count == 1
d3d      D          d3d_bmp.cpp:545  _al_d3d_sync_bitmap              [   0.24040] _al_d3d_sync_bitmap (video) ref count == 1
d3d      D          d3d_bmp.cpp:539  _al_d3d_sync_bitmap              [   0.24084] _al_d3d_sync_bitmap (system) ref count == 1
d3d      D          d3d_bmp.cpp:545  _al_d3d_sync_bitmap              [   0.24089] _al_d3d_sync_bitmap (video) ref count == 1
d3d      D          d3d_bmp.cpp:539  _al_d3d_sync_bitmap              [   0.24121] _al_d3d_sync_bitmap (system) ref count == 1
d3d      D          d3d_bmp.cpp:545  _al_d3d_sync_bitmap              [   0.24124] _al_d3d_sync_bitmap (video) ref count == 1
d3d      D          d3d_bmp.cpp:539  _al_d3d_sync_bitmap              [   0.24157] _al_d3d_sync_bitmap (system) ref count == 1
d3d      D          d3d_bmp.cpp:545  _al_d3d_sync_bitmap              [   0.24161] _al_d3d_sync_bitmap (video) ref count == 1
d3d      D          d3d_bmp.cpp:539  _al_d3d_sync_bitmap              [   0.24219] _al_d3d_sync_bitmap (system) ref count == 1
d3d      D          d3d_bmp.cpp:545  _al_d3d_sync_bitmap              [   0.24226] _al_d3d_sync_bitmap (video) ref count == 1
d3d      D          d3d_bmp.cpp:539  _al_d3d_sync_bitmap              [   0.24703] _al_d3d_sync_bitmap (system) ref count == 1
d3d      D          d3d_bmp.cpp:545  _al_d3d_sync_bitmap              [   0.24710] _al_d3d_sync_bitmap (video) ref count == 1
d3d      D          d3d_bmp.cpp:539  _al_d3d_sync_bitmap              [   0.24771] _al_d3d_sync_bitmap (system) ref count == 1
d3d      D          d3d_bmp.cpp:545  _al_d3d_sync_bitmap              [   0.24777] _al_d3d_sync_bitmap (video) ref count == 1
d3d      D          d3d_bmp.cpp:539  _al_d3d_sync_bitmap              [   0.24810] _al_d3d_sync_bitmap (system) ref count == 1
d3d      D          d3d_bmp.cpp:545  _al_d3d_sync_bitmap              [   0.24813] _al_d3d_sync_bitmap (video) ref count == 1
d3d      D          d3d_bmp.cpp:539  _al_d3d_sync_bitmap              [   0.24864] _al_d3d_sync_bitmap (system) ref count == 1
d3d      D          d3d_bmp.cpp:545  _al_d3d_sync_bitmap              [   0.24867] _al_d3d_sync_bitmap (video) ref count == 1
d3d      D          d3d_bmp.cpp:539  _al_d3d_sync_bitmap              [   0.24894] _al_d3d_sync_bitmap (system) ref count == 1
d3d      D          d3d_bmp.cpp:545  _al_d3d_sync_bitmap              [   0.24898] _al_d3d_sync_bitmap (video) ref count == 1
d3d      D          d3d_bmp.cpp:539  _al_d3d_sync_bitmap              [   0.24930] _al_d3d_sync_bitmap (system) ref count == 1
d3d      D          d3d_bmp.cpp:545  _al_d3d_sync_bitmap              [   0.24933] _al_d3d_sync_bitmap (video) ref count == 1
d3d      D          d3d_bmp.cpp:539  _al_d3d_sync_bitmap              [   0.24962] _al_d3d_sync_bitmap (system) ref count == 1
d3d      D          d3d_bmp.cpp:545  _al_d3d_sync_bitmap              [   0.24964] _al_d3d_sync_bitmap (video) ref count == 1
d3d      D          d3d_bmp.cpp:539  _al_d3d_sync_bitmap              [   0.24996] _al_d3d_sync_bitmap (system) ref count == 1
d3d      D          d3d_bmp.cpp:545  _al_d3d_sync_bitmap              [   0.24998] _al_d3d_sync_bitmap (video) ref count == 1
d3d      D          d3d_bmp.cpp:539  _al_d3d_sync_bitmap              [   0.25026] _al_d3d_sync_bitmap (system) ref count == 1
d3d      D          d3d_bmp.cpp:545  _al_d3d_sync_bitmap              [   0.25028] _al_d3d_sync_bitmap (video) ref count == 1
d3d      D          d3d_bmp.cpp:539  _al_d3d_sync_bitmap              [   0.25056] _al_d3d_sync_bitmap (system) ref count == 1
d3d      D          d3d_bmp.cpp:545  _al_d3d_sync_bitmap              [   0.25058] _al_d3d_sync_bitmap (video) ref count == 1
d3d      D          d3d_bmp.cpp:539  _al_d3d_sync_bitmap              [   0.25086] _al_d3d_sync_bitmap (system) ref count == 1
d3d      D          d3d_bmp.cpp:545  _al_d3d_sync_bitmap              [   0.25088] _al_d3d_sync_bitmap (video) ref count == 1
d3d      D          d3d_bmp.cpp:539  _al_d3d_sync_bitmap              [   0.25120] _al_d3d_sync_bitmap (system) ref count == 1
d3d      D          d3d_bmp.cpp:545  _al_d3d_sync_bitmap              [   0.25122] _al_d3d_sync_bitmap (video) ref count == 1
d3d      D          d3d_bmp.cpp:539  _al_d3d_sync_bitmap              [   0.25148] _al_d3d_sync_bitmap (system) ref count == 1
d3d      D          d3d_bmp.cpp:545  _al_d3d_sync_bitmap              [   0.25151] _al_d3d_sync_bitmap (video) ref count == 1
d3d      D          d3d_bmp.cpp:539  _al_d3d_sync_bitmap              [   0.25181] _al_d3d_sync_bitmap (system) ref count == 1
d3d      D          d3d_bmp.cpp:545  _al_d3d_sync_bitmap              [   0.25185] _al_d3d_sync_bitmap (video) ref count == 1
d3d      D          d3d_bmp.cpp:539  _al_d3d_sync_bitmap              [   0.25219] _al_d3d_sync_bitmap (system) ref count == 1
d3d      D          d3d_bmp.cpp:545  _al_d3d_sync_bitmap              [   0.25222] _al_d3d_sync_bitmap (video) ref count == 1
d3d      D          d3d_bmp.cpp:539  _al_d3d_sync_bitmap              [   0.25259] _al_d3d_sync_bitmap (system) ref count == 1
d3d      D          d3d_bmp.cpp:545  _al_d3d_sync_bitmap              [   0.25264] _al_d3d_sync_bitmap (video) ref count == 1
d3d      D          d3d_bmp.cpp:539  _al_d3d_sync_bitmap              [   0.25298] _al_d3d_sync_bitmap (system) ref count == 1
d3d      D          d3d_bmp.cpp:545  _al_d3d_sync_bitmap              [   0.25301] _al_d3d_sync_bitmap (video) ref count == 1
d3d      D          d3d_bmp.cpp:539  _al_d3d_sync_bitmap              [   0.25339] _al_d3d_sync_bitmap (system) ref count == 1
d3d      D          d3d_bmp.cpp:545  _al_d3d_sync_bitmap              [   0.25343] _al_d3d_sync_bitmap (video) ref count == 1
d3d      D          d3d_bmp.cpp:539  _al_d3d_sync_bitmap              [   0.25378] _al_d3d_sync_bitmap (system) ref count == 1
d3d      D          d3d_bmp.cpp:545  _al_d3d_sync_bitmap              [   0.25381] _al_d3d_sync_bitmap (video) ref count == 1
d3d      D          d3d_bmp.cpp:539  _al_d3d_sync_bitmap              [   0.25412] _al_d3d_sync_bitmap (system) ref count == 1
d3d      D          d3d_bmp.cpp:545  _al_d3d_sync_bitmap              [   0.25415] _al_d3d_sync_bitmap (video) ref count == 1
d3d      D          d3d_bmp.cpp:539  _al_d3d_sync_bitmap              [   0.25447] _al_d3d_sync_bitmap (system) ref count == 1
d3d      D          d3d_bmp.cpp:545  _al_d3d_sync_bitmap              [   0.25450] _al_d3d_sync_bitmap (video) ref count == 1
